2025-09-13 01:26:12.197 | INFO     | __main__:main:169 - Starting ZanSoc master node
2025-09-13 01:26:12.198 | INFO     | __main__:load_config:47 - Loaded configuration from /Users/ashutosh/zansoc-beta/src/master/../../config/master.yaml
2025-09-13 01:26:12.200 | INFO     | __main__:get_public_ip:65 - Detected Tailscale IP: 100.101.84.71
2025-09-13 01:26:12.200 | INFO     | __main__:start_ray_head:111 - Starting Ray head node with the following configuration:
2025-09-13 01:26:12.200 | INFO     | __main__:start_ray_head:112 -   - Port: 6379
2025-09-13 01:26:12.200 | INFO     | __main__:start_ray_head:113 -   - Dashboard: http://0.0.0.0:8265
2025-09-13 01:26:12.200 | INFO     | __main__:start_ray_head:114 -   - Resources: {'CPU': 4, 'memory': 4000000000}
2025-09-13 01:26:12.223 | INFO     | __main__:start_ray_head:126 - Ray cluster started with 3 nodes
2025-09-13 01:26:12.223 | INFO     | __main__:start_ray_head:129 - 
To connect worker nodes, use the following address:
2025-09-13 01:26:12.223 | INFO     | __main__:start_ray_head:130 -   ray start --address='100.101.84.71:6379' --redis-password='zansoc_secure_password_change_me'
2025-09-13 01:26:12.223 | INFO     | __main__:start_ray_head:134 - 
Master node will run for 86400 seconds
2025-09-13 01:26:12.223 | INFO     | __main__:start_ray_head:135 - Press Ctrl+C to stop the master node
2025-09-13 02:56:21.671 | INFO     | __main__:start_ray_head:145 - Cluster status: 3 nodes connected
2025-09-13 06:16:18.388 | INFO     | __main__:start_ray_head:145 - Cluster status: 3 nodes connected
2025-09-13 07:56:13.970 | INFO     | __main__:start_ray_head:145 - Cluster status: 3 nodes connected
2025-09-13 09:56:16.147 | INFO     | __main__:start_ray_head:145 - Cluster status: 3 nodes connected
2025-09-13 10:26:21.646 | INFO     | __main__:start_ray_head:145 - Cluster status: 3 nodes connected
2025-09-13 10:36:17.159 | INFO     | __main__:start_ray_head:145 - Cluster status: 3 nodes connected
2025-09-13 10:46:17.604 | INFO     | __main__:start_ray_head:145 - Cluster status: 3 nodes connected
2025-09-13 10:56:18.029 | INFO     | __main__:start_ray_head:145 - Cluster status: 3 nodes connected
2025-09-13 11:06:18.351 | INFO     | __main__:start_ray_head:145 - Cluster status: 3 nodes connected
2025-09-13 11:16:18.673 | INFO     | __main__:start_ray_head:145 - Cluster status: 3 nodes connected
2025-09-13 11:26:18.964 | INFO     | __main__:start_ray_head:145 - Cluster status: 3 nodes connected
2025-09-13 11:36:19.182 | INFO     | __main__:start_ray_head:145 - Cluster status: 3 nodes connected
2025-09-13 11:46:19.405 | INFO     | __main__:start_ray_head:145 - Cluster status: 3 nodes connected
2025-09-13 11:56:19.566 | INFO     | __main__:start_ray_head:145 - Cluster status: 3 nodes connected
2025-09-13 12:06:19.799 | INFO     | __main__:start_ray_head:145 - Cluster status: 3 nodes connected
2025-09-13 12:16:19.996 | INFO     | __main__:start_ray_head:145 - Cluster status: 3 nodes connected
2025-09-13 12:26:20.212 | INFO     | __main__:start_ray_head:145 - Cluster status: 4 nodes connected
2025-09-13 12:34:58.490 | INFO     | __main__:start_ray_head:147 - Received keyboard interrupt, shutting down...
2025-09-13 12:34:58.491 | INFO     | __main__:main:186 - Master node stopped successfully
